Arguments: 
  C:\Program Files\nodejs\node.exe C:\Program Files (x86)\Yarn\bin\yarn.js add leaflet

PATH: 
  C:\Users\Joe\bin;C:\Program Files\Git\mingw64\bin;C:\Program Files\Git\usr\local\bin;C:\Program Files\Git\usr\bin;C:\Program Files\Git\usr\bin;C:\Program Files\Git\mingw64\bin;C:\Program Files\Git\usr\bin;C:\Users\Joe\bin;C:\Program Files (x86)\Common Files\Oracle\Java\javapath;C:\Windows\system32;C:\Windows;C:\Windows\System32\Wbem;C:\Windows\System32\WindowsPowerShell\v1.0;C:\Windows\System32\OpenSSH;C:\Program Files\Git\cmd;C:\HashiCorp\Vagrant\bin;C:\Program Files\PuTTY;C:\Program Files\nodejs;C:\Program Files (x86)\GnuPG\bin;C:\Program Files (x86)\Yarn\bin;C:\Users\Joe\AppData\Local\Programs\Python\Python37-32\Scripts;C:\Users\Joe\AppData\Local\Programs\Python\Python37-32;C:\Users\Joe\AppData\Local\Microsoft\WindowsApps;C:\Program Files\Java\jdk1.8.0_181\bin;C:\Program Files\heroku\bin;C:\Users\Joe\AppData\Local\Programs\MiKTeX 2.9\miktex\bin\x64;C:\Users\Joe\AppData\Roaming\npm;C:\Program Files\MongoDB\Server\4.0\bin;C:\Users\Joe\AppData\Local\Yarn\bin;C:\Program Files\Git\usr\bin\vendor_perl;C:\Program Files\Git\usr\bin\core_perl

Yarn version: 
  1.15.2

Node version: 
  10.15.0

Platform: 
  win32 x64

Trace: 
  Error: EPERM: operation not permitted, unlink 'C:\Users\Joe\Desktop\EntWebAureliaAPI\poi-basicAuth\node_modules\bcrypt\lib\binding\bcrypt_lib.node'

npm manifest: 
  {
    "name": "assignment2",
    "version": "1.0.0",
    "description": "",
    "main": "server.js",
    "scripts": {
      "start": "node server.js",
      "test2": "echo \"Error: no test specified\" && exit 1",
      "test": "test --timeout 5000"
    },
    "author": "",
    "license": "ISC",
    "dependencies": {
      "bcrypt": "^3.0.6",
      "bell": "^10.0.0",
      "boom": "^7.3.0",
      "cloudinary": "^1.13.2",
      "del": "^3.0.0",
      "dotenv": "^6.2.0",
      "handlebars": "^4.1.0",
      "hapi": "^18.0.0",
      "hapi-auth-cookie": "^9.1.0",
      "hapi-auth-jwt2": "^8.6.1",
      "inert": "^5.1.2",
      "joi": "^14.3.1",
      "jsonwebtoken": "^8.5.1",
      "lodash": "^4.17.11",
      "mais-mongoose-seeder": "^1.0.7",
      "moment": "^2.24.0",
      "momentjs": "^2.0.0",
      "mongoose": "^5.4.7",
      "uuid": "^3.3.2",
      "vision": "^5.4.4"
    },
    "devDependencies": {
      "axios": "^0.18.0",
      "chai": "^4.2.0",
      "mocha": "^6.1.4",
      "prettier": "^1.16.0"
    },
    "prettier": {
      "singleQuote": true,
      "printWidth": 120
    }
  }

yarn manifest: 
  No manifest

Lockfile: 
  No lockfile
